04/02/2022 13.56.17	This log contains information about the import schema operation into project 'DevBlogDB' on computer 'LAPTOP-O3EPNBL4' by user 'Santi'.
04/02/2022 13.56.17	Import of database schema has started.
04/02/2022 13.56.21	Gathering database credentials
04/02/2022 13.56.21	Gathering database options
04/02/2022 13.56.21	Gathering generic database scoped configuration option
04/02/2022 13.56.21	Gathering users
04/02/2022 13.56.21	Gathering roles
04/02/2022 13.56.21	Gathering application roles
04/02/2022 13.56.21	Gathering role memberships
04/02/2022 13.56.21	Gathering filegroups
04/02/2022 13.56.21	Gathering full-text catalogs
04/02/2022 13.56.21	Gathering assemblies
04/02/2022 13.56.21	Gathering certificates
04/02/2022 13.56.21	Gathering asymmetric keys
04/02/2022 13.56.21	Gathering symmetric keys
04/02/2022 13.56.21	Gathering encrypted symmetric keys
04/02/2022 13.56.21	Gathering schemas
04/02/2022 13.56.21	Gathering XML schema collections
04/02/2022 13.56.21	Gathering user-defined data types
04/02/2022 13.56.21	Gathering user-defined types
04/02/2022 13.56.21	Gathering table types
04/02/2022 13.56.21	Gathering unique keys for table types
04/02/2022 13.56.21	Gathering primary keys for table types
04/02/2022 13.56.21	Gathering indexes for table types
04/02/2022 13.56.21	Gathering check constraints for table types
04/02/2022 13.56.21	Gathering default constraints for table types
04/02/2022 13.56.21	Gathering partition functions
04/02/2022 13.56.21	Gathering partition schemes
04/02/2022 13.56.21	Gathering functions
04/02/2022 13.56.21	Gathering encrypted functions
04/02/2022 13.56.21	Gathering aggregates
04/02/2022 13.56.21	Gathering procedures
04/02/2022 13.56.21	Gathering encrypted procedures
04/02/2022 13.56.21	Gathering tables
04/02/2022 13.56.21	Gathering primary keys
04/02/2022 13.56.21	Gathering unique constraints
04/02/2022 13.56.21	Gathering foreign keys
04/02/2022 13.56.21	Gathering default constraints
04/02/2022 13.56.21	Gathering check constraints
04/02/2022 13.56.21	Gathering views
04/02/2022 13.56.21	Gathering encrypted views
04/02/2022 13.56.21	Gathering indexes
04/02/2022 13.56.21	Gathering statistics
04/02/2022 13.56.21	Gathering full-text index stoplists
04/02/2022 13.56.21	Gathering search property lists
04/02/2022 13.56.21	Gathering search properties
04/02/2022 13.56.21	Gathering full-text indexes
04/02/2022 13.56.21	Gathering column store indexes
04/02/2022 13.56.21	Gathering spatial indexes
04/02/2022 13.56.21	Gathering XML indexes
04/02/2022 13.56.21	Gathering Selective XML indexes
04/02/2022 13.56.21	Gathering encrypted triggers
04/02/2022 13.56.21	Gathering triggers
04/02/2022 13.56.21	Gathering encrypted and clr ddl triggers
04/02/2022 13.56.21	Gathering ddl triggers
04/02/2022 13.56.21	Creating edge constraints
04/02/2022 13.56.21	Gathering synonyms
04/02/2022 13.56.21	Gathering defaults
04/02/2022 13.56.21	Gathering data constraint uddt bindings
04/02/2022 13.56.21	Gathering rules
04/02/2022 13.56.21	Gathering data constraint uddt bindings
04/02/2022 13.56.21	Gathering message types
04/02/2022 13.56.21	Gathering queues
04/02/2022 13.56.21	Gathering contracts
04/02/2022 13.56.21	Gathering services
04/02/2022 13.56.21	Gathering event notifications
04/02/2022 13.56.21	Gathering remote service bindings
04/02/2022 13.56.21	Gathering broker priorities
04/02/2022 13.56.21	Gathering signatures
04/02/2022 13.56.21	Gathering data compression options
04/02/2022 13.56.21	Gathering sequence types
04/02/2022 13.56.21	Gathering security policies
04/02/2022 13.56.21	Gather column encryption keys
04/02/2022 13.56.21	Gathering column master keys
04/02/2022 13.56.21	Gathering external data sources
04/02/2022 13.56.21	Gathering external file formats
04/02/2022 13.56.21	Gathering external tables
04/02/2022 13.56.21	Gathering extended properties
04/02/2022 13.56.21	Gathering assemblies
04/02/2022 13.56.21	Gathering credentials
04/02/2022 13.56.21	Gathering logins
04/02/2022 13.56.21	Gathering server audits
04/02/2022 13.56.23	Scanning project for duplicate elements
04/02/2022 13.56.23	Finished duplicate element processing
04/02/2022 13.56.23	Finished importing database.
04/02/2022 13.56.23	A summary of the import was saved to the following location: C:\Users\Santi\Desktop\EUC\H2\H2-Programs\DevBlog\DB\DevBlogDB\Import Schema Logs\DevBlogDB_20220204125617.log
04/02/2022 13.56.23	Click Finish to continue...
